<?xml version="1.0" encoding="UTF-8"?>
<!-- Generated by org.testng.reporters.JUnitReportReporter -->
<testsuite hostname="dhcp-10-40-4-144.brq.redhat.com" name="org.jboss.qe.dvqe.MyFileReaderTest" tests="5" failures="1" timestamp="6 Nov 2017 10:53:54 GMT" time="0.034" errors="0">
  <testcase name="readLinesTest" time="0.001" classname="org.jboss.qe.dvqe.MyFileReaderTest"/>
  <testcase name="getNumberOfLinesTest" time="0.012" classname="org.jboss.qe.dvqe.MyFileReaderTest"/>
  <testcase name="readFirstNLinesTest" time="0.001" classname="org.jboss.qe.dvqe.MyFileReaderTest"/>
  <testcase name="MyFileReader" time="0.018" classname="org.jboss.qe.dvqe.MyFileReaderTest">
    <failure type="java.lang.RuntimeException" message="Test not implemented">
      <![CDATA[java.lang.RuntimeException: Test not implemented
	at org.jboss.qe.dvqe.MyFileReaderTest.MyFileReader(MyFileReaderTest.java:22)
	at sun.reflect.NativeMethodAccessorImpl.invoke0(Native Method)
	at sun.reflect.NativeMethodAccessorImpl.invoke(NativeMethodAccessorImpl.java:62)
	at sun.reflect.DelegatingMethodAccessorImpl.invoke(DelegatingMethodAccessorImpl.java:43)
	at java.lang.reflect.Method.invoke(Method.java:498)
	at org.testng.internal.MethodInvocationHelper.invokeMethod(MethodInvocationHelper.java:80)
	at org.testng.internal.Invoker.invokeMethod(Invoker.java:714)
	at org.testng.internal.Invoker.invokeTestMethod(Invoker.java:901)
	at org.testng.internal.Invoker.invokeTestMethods(Invoker.java:1231)
	at org.testng.internal.TestMethodWorker.invokeTestMethods(TestMethodWorker.java:127)
	at org.testng.internal.TestMethodWorker.run(TestMethodWorker.java:111)
	at org.testng.TestRunner.privateRun(TestRunner.java:767)
	at org.testng.TestRunner.run(TestRunner.java:617)
	at org.testng.SuiteRunner.runTest(SuiteRunner.java:334)
	at org.testng.SuiteRunner.runSequentially(SuiteRunner.java:329)
	at org.testng.SuiteRunner.privateRun(SuiteRunner.java:291)
	at org.testng.SuiteRunner.run(SuiteRunner.java:240)
	at org.testng.SuiteRunnerWorker.runSuite(SuiteRunnerWorker.java:52)
	at org.testng.SuiteRunnerWorker.run(SuiteRunnerWorker.java:86)
	at org.testng.TestNG.runSuitesSequentially(TestNG.java:1198)
	at org.testng.TestNG.runSuitesLocally(TestNG.java:1123)
	at org.testng.TestNG.run(TestNG.java:1031)
	at org.testng.remote.AbstractRemoteTestNG.run(AbstractRemoteTestNG.java:114)
	at org.testng.remote.RemoteTestNG.initAndRun(RemoteTestNG.java:251)
	at org.testng.remote.RemoteTestNG.main(RemoteTestNG.java:77)
]]>
    </failure>
  </testcase> <!-- MyFileReader -->
  <testcase name="getNumberOfNonEmptyLinesTest" time="0.002" classname="org.jboss.qe.dvqe.MyFileReaderTest"/>
</testsuite> <!-- org.jboss.qe.dvqe.MyFileReaderTest -->
